2026-01-15 10:34:33.111  INFO 9672 --- [restartedMain] com.my.todo.TodoApplication              : Starting TodoApplication using Java 21.0.8 with PID 9672 (E:\employment preparation\tje_KDT_lecture\todolist-workspace\todo\build\classes\java\main started by emma1 in E:\employment preparation\tje_KDT_lecture\todolist-workspace\todo)
2026-01-15 10:34:33.114  INFO 9672 --- [restartedMain] com.my.todo.TodoApplication              : No active profile set, falling back to 1 default profile: "default"
2026-01-15 10:34:33.171  INFO 9672 --- [restartedMain] .e.DevToolsPropertyDefaultsPostProcessor : Devtools property defaults active! Set 'spring.devtools.add-properties' to 'false' to disable
2026-01-15 10:34:33.171  INFO 9672 --- [restartedMain] .e.DevToolsPropertyDefaultsPostProcessor : For additional web related logging consider setting the 'logging.level.web' property to 'DEBUG'
2026-01-15 10:34:34.469  INFO 9672 --- [restartedMain] o.s.b.w.embedded.tomcat.TomcatWebServer  : Tomcat initialized with port 8080 (http)
2026-01-15 10:34:34.487  INFO 9672 --- [restartedMain] o.apache.catalina.core.StandardService   : Starting service [Tomcat]
2026-01-15 10:34:34.487  INFO 9672 --- [restartedMain] o.apache.catalina.core.StandardEngine    : Starting Servlet engine: [Apache Tomcat/10.1.50]
2026-01-15 10:34:34.539  INFO 9672 --- [restartedMain] o.a.c.c.C.[Tomcat].[localhost].[/]       : Initializing Spring embedded WebApplicationContext
2026-01-15 10:34:34.540  INFO 9672 --- [restartedMain] w.s.c.ServletWebServerApplicationContext : Root WebApplicationContext: initialization completed in 1368 ms
2026-01-15 10:34:35.289  INFO 9672 --- [restartedMain] o.s.b.d.a.OptionalLiveReloadServer       : LiveReload server is running on port 35729
2026-01-15 10:34:35.332  INFO 9672 --- [restartedMain] o.s.b.w.embedded.tomcat.TomcatWebServer  : Tomcat started on port 8080 (http) with context path '/'
2026-01-15 10:34:35.340  INFO 9672 --- [restartedMain] com.my.todo.TodoApplication              : Started TodoApplication in 3.03 seconds (process running for 3.934)
2026-01-15 10:35:52.390  INFO 9672 --- [http-nio-8080-exec-6] o.a.c.c.C.[Tomcat].[localhost].[/]       : Initializing Spring DispatcherServlet 'dispatcherServlet'
2026-01-15 10:35:52.391  INFO 9672 --- [http-nio-8080-exec-6] o.s.web.servlet.DispatcherServlet        : Initializing Servlet 'dispatcherServlet'
2026-01-15 10:35:52.393  INFO 9672 --- [http-nio-8080-exec-6] o.s.web.servlet.DispatcherServlet        : Completed initialization in 1 ms
2026-01-15 10:35:52.432  INFO 9672 --- [http-nio-8080-exec-6] com.zaxxer.hikari.HikariDataSource       : MyHikariCP - Starting...
2026-01-15 10:35:53.249  INFO 9672 --- [http-nio-8080-exec-6] com.zaxxer.hikari.pool.HikariPool        : MyHikariCP - Added connection org.postgresql.jdbc.PgConnection@69282bcf
2026-01-15 10:35:53.252  INFO 9672 --- [http-nio-8080-exec-6] com.zaxxer.hikari.HikariDataSource       : MyHikariCP - Start completed.
2026-01-15 10:51:33.780  WARN 9672 --- [MyHikariCP:housekeeper] com.zaxxer.hikari.pool.PoolBase          : MyHikariCP - Failed to validate connection org.postgresql.jdbc.PgConnection@69282bcf (This connection has been closed.). Possibly consider using a shorter maxLifetime value.
2026-01-15 10:52:03.023  WARN 9672 --- [MyHikariCP:housekeeper] com.zaxxer.hikari.pool.PoolBase          : MyHikariCP - Failed to validate connection org.postgresql.jdbc.PgConnection@4d182f4e (This connection has been closed.). Possibly consider using a shorter maxLifetime value.
2026-01-15 10:52:34.946  WARN 9672 --- [MyHikariCP:housekeeper] com.zaxxer.hikari.pool.PoolBase          : MyHikariCP - Failed to validate connection org.postgresql.jdbc.PgConnection@1eb23292 (This connection has been closed.). Possibly consider using a shorter maxLifetime value.
2026-01-15 10:52:43.437  WARN 9672 --- [MyHikariCP:housekeeper] com.zaxxer.hikari.pool.PoolBase          : MyHikariCP - Failed to validate connection org.postgresql.jdbc.PgConnection@7b936705 (This connection has been closed.). Possibly consider using a shorter maxLifetime value.
2026-01-15 10:53:02.613  WARN 9672 --- [MyHikariCP:housekeeper] com.zaxxer.hikari.pool.PoolBase          : MyHikariCP - Failed to validate connection org.postgresql.jdbc.PgConnection@1c2ad21e (This connection has been closed.). Possibly consider using a shorter maxLifetime value.
2026-01-15 12:23:00.613  WARN 9672 --- [MyHikariCP:housekeeper] com.zaxxer.hikari.pool.PoolBase          : MyHikariCP - Failed to validate connection org.postgresql.jdbc.PgConnection@1aaf5268 (This connection has been closed.). Possibly consider using a shorter maxLifetime value.
2026-01-15 12:23:18.469  WARN 9672 --- [MyHikariCP:housekeeper] com.zaxxer.hikari.pool.PoolBase          : MyHikariCP - Failed to validate connection org.postgresql.jdbc.PgConnection@514ab7f9 (This connection has been closed.). Possibly consider using a shorter maxLifetime value.
2026-01-15 12:23:24.564  WARN 9672 --- [MyHikariCP:housekeeper] com.zaxxer.hikari.pool.PoolBase          : MyHikariCP - Failed to validate connection org.postgresql.jdbc.PgConnection@1dbf25db (This connection has been closed.). Possibly consider using a shorter maxLifetime value.
2026-01-15 12:23:39.856  WARN 9672 --- [MyHikariCP:housekeeper] com.zaxxer.hikari.pool.PoolBase          : MyHikariCP - Failed to validate connection org.postgresql.jdbc.PgConnection@5ed6ac83 (This connection has been closed.). Possibly consider using a shorter maxLifetime value.
2026-01-15 12:23:59.628  WARN 9672 --- [MyHikariCP:housekeeper] com.zaxxer.hikari.pool.PoolBase          : MyHikariCP - Failed to validate connection org.postgresql.jdbc.PgConnection@5f05e3e0 (This connection has been closed.). Possibly consider using a shorter maxLifetime value.
2026-01-15 12:25:28.444  WARN 9672 --- [MyHikariCP:housekeeper] com.zaxxer.hikari.pool.PoolBase          : MyHikariCP - Failed to validate connection org.postgresql.jdbc.PgConnection@18129244 (This connection has been closed.). Possibly consider using a shorter maxLifetime value.
2026-01-15 14:19:54.580  WARN 9672 --- [MyHikariCP:housekeeper] com.zaxxer.hikari.pool.PoolBase          : MyHikariCP - Failed to validate connection org.postgresql.jdbc.PgConnection@61ba2169 (This connection has been closed.). Possibly consider using a shorter maxLifetime value.
2026-01-15 14:20:40.855  WARN 9672 --- [MyHikariCP:housekeeper] com.zaxxer.hikari.pool.PoolBase          : MyHikariCP - Failed to validate connection org.postgresql.jdbc.PgConnection@49a700e3 (This connection has been closed.). Possibly consider using a shorter maxLifetime value.
2026-01-15 14:20:43.349  WARN 9672 --- [MyHikariCP:housekeeper] com.zaxxer.hikari.pool.PoolBase          : MyHikariCP - Failed to validate connection org.postgresql.jdbc.PgConnection@1adaae8 (This connection has been closed.). Possibly consider using a shorter maxLifetime value.
2026-01-15 14:21:03.032  WARN 9672 --- [MyHikariCP:housekeeper] com.zaxxer.hikari.pool.PoolBase          : MyHikariCP - Failed to validate connection org.postgresql.jdbc.PgConnection@4731182a (This connection has been closed.). Possibly consider using a shorter maxLifetime value.
2026-01-15 14:21:25.912  WARN 9672 --- [MyHikariCP:housekeeper] com.zaxxer.hikari.pool.PoolBase          : MyHikariCP - Failed to validate connection org.postgresql.jdbc.PgConnection@6438383a (This connection has been closed.). Possibly consider using a shorter maxLifetime value.
2026-01-15 16:11:14.576  WARN 9672 --- [MyHikariCP:housekeeper] com.zaxxer.hikari.pool.PoolBase          : MyHikariCP - Failed to validate connection org.postgresql.jdbc.PgConnection@2a4235f2 (This connection has been closed.). Possibly consider using a shorter maxLifetime value.
2026-01-15 16:11:34.341  WARN 9672 --- [MyHikariCP:housekeeper] com.zaxxer.hikari.pool.PoolBase          : MyHikariCP - Failed to validate connection org.postgresql.jdbc.PgConnection@3599d559 (This connection has been closed.). Possibly consider using a shorter maxLifetime value.
2026-01-15 16:12:21.006  WARN 9672 --- [MyHikariCP:housekeeper] com.zaxxer.hikari.pool.PoolBase          : MyHikariCP - Failed to validate connection org.postgresql.jdbc.PgConnection@744cab47 (This connection has been closed.). Possibly consider using a shorter maxLifetime value.
2026-01-15 16:12:26.169  WARN 9672 --- [MyHikariCP:housekeeper] com.zaxxer.hikari.pool.PoolBase          : MyHikariCP - Failed to validate connection org.postgresql.jdbc.PgConnection@5ac2f78c (This connection has been closed.). Possibly consider using a shorter maxLifetime value.
2026-01-15 16:12:27.343  WARN 9672 --- [MyHikariCP:housekeeper] com.zaxxer.hikari.pool.PoolBase          : MyHikariCP - Failed to validate connection org.postgresql.jdbc.PgConnection@53905e43 (This connection has been closed.). Possibly consider using a shorter maxLifetime value.
2026-01-15 16:20:17.140  WARN 9672 --- [MyHikariCP:housekeeper] com.zaxxer.hikari.pool.PoolBase          : MyHikariCP - Failed to validate connection org.postgresql.jdbc.PgConnection@2482b4cd (This connection has been closed.). Possibly consider using a shorter maxLifetime value.
2026-01-15 16:20:32.904  WARN 9672 --- [MyHikariCP:housekeeper] com.zaxxer.hikari.pool.PoolBase          : MyHikariCP - Failed to validate connection org.postgresql.jdbc.PgConnection@15c4b65e (This connection has been closed.). Possibly consider using a shorter maxLifetime value.
2026-01-15 16:20:50.122  WARN 9672 --- [MyHikariCP:housekeeper] com.zaxxer.hikari.pool.PoolBase          : MyHikariCP - Failed to validate connection org.postgresql.jdbc.PgConnection@75e2707c (This connection has been closed.). Possibly consider using a shorter maxLifetime value.
2026-01-15 16:21:40.646  WARN 9672 --- [MyHikariCP:housekeeper] com.zaxxer.hikari.pool.PoolBase          : MyHikariCP - Failed to validate connection org.postgresql.jdbc.PgConnection@26bc5e28 (This connection has been closed.). Possibly consider using a shorter maxLifetime value.
2026-01-15 16:21:45.694  WARN 9672 --- [MyHikariCP:housekeeper] com.zaxxer.hikari.pool.PoolBase          : MyHikariCP - Failed to validate connection org.postgresql.jdbc.PgConnection@38b358ae (This connection has been closed.). Possibly consider using a shorter maxLifetime value.
