2026-01-14 09:35:46.685  INFO 17568 --- [restartedMain] com.my.todo.TodoApplication              : Starting TodoApplication using Java 21.0.8 with PID 17568 (E:\employment preparation\tje_KDT_lecture\todolist-workspace\todo\build\classes\java\main started by emma1 in E:\employment preparation\tje_KDT_lecture\todolist-workspace\todo)
2026-01-14 09:35:46.690  INFO 17568 --- [restartedMain] com.my.todo.TodoApplication              : No active profile set, falling back to 1 default profile: "default"
2026-01-14 09:35:46.757  INFO 17568 --- [restartedMain] .e.DevToolsPropertyDefaultsPostProcessor : Devtools property defaults active! Set 'spring.devtools.add-properties' to 'false' to disable
2026-01-14 09:35:46.757  INFO 17568 --- [restartedMain] .e.DevToolsPropertyDefaultsPostProcessor : For additional web related logging consider setting the 'logging.level.web' property to 'DEBUG'
2026-01-14 09:35:48.272  INFO 17568 --- [restartedMain] o.s.b.w.embedded.tomcat.TomcatWebServer  : Tomcat initialized with port 8080 (http)
2026-01-14 09:35:48.291  INFO 17568 --- [restartedMain] o.apache.catalina.core.StandardService   : Starting service [Tomcat]
2026-01-14 09:35:48.291  INFO 17568 --- [restartedMain] o.apache.catalina.core.StandardEngine    : Starting Servlet engine: [Apache Tomcat/10.1.50]
2026-01-14 09:35:48.362  INFO 17568 --- [restartedMain] o.a.c.c.C.[Tomcat].[localhost].[/]       : Initializing Spring embedded WebApplicationContext
2026-01-14 09:35:48.363  INFO 17568 --- [restartedMain] w.s.c.ServletWebServerApplicationContext : Root WebApplicationContext: initialization completed in 1604 ms
2026-01-14 09:35:49.256  INFO 17568 --- [restartedMain] o.s.b.d.a.OptionalLiveReloadServer       : LiveReload server is running on port 35729
2026-01-14 09:35:49.303  INFO 17568 --- [restartedMain] o.s.b.w.embedded.tomcat.TomcatWebServer  : Tomcat started on port 8080 (http) with context path '/'
2026-01-14 09:35:49.314  INFO 17568 --- [restartedMain] com.my.todo.TodoApplication              : Started TodoApplication in 3.906 seconds (process running for 4.931)
2026-01-14 09:36:23.080  INFO 17568 --- [http-nio-8080-exec-2] o.a.c.c.C.[Tomcat].[localhost].[/]       : Initializing Spring DispatcherServlet 'dispatcherServlet'
2026-01-14 09:36:23.081  INFO 17568 --- [http-nio-8080-exec-2] o.s.web.servlet.DispatcherServlet        : Initializing Servlet 'dispatcherServlet'
2026-01-14 09:36:23.083  INFO 17568 --- [http-nio-8080-exec-2] o.s.web.servlet.DispatcherServlet        : Completed initialization in 2 ms
2026-01-14 09:36:23.150  INFO 17568 --- [http-nio-8080-exec-2] com.zaxxer.hikari.HikariDataSource       : MyHikariCP - Starting...
2026-01-14 09:36:23.663  INFO 17568 --- [http-nio-8080-exec-2] com.zaxxer.hikari.pool.HikariPool        : MyHikariCP - Added connection org.postgresql.jdbc.PgConnection@1f9cf31d
2026-01-14 09:36:23.665  INFO 17568 --- [http-nio-8080-exec-2] com.zaxxer.hikari.HikariDataSource       : MyHikariCP - Start completed.
2026-01-14 09:38:50.966  INFO 17568 --- [SpringApplicationShutdownHook] o.s.b.w.e.tomcat.GracefulShutdown        : Commencing graceful shutdown. Waiting for active requests to complete
2026-01-14 09:38:50.981  INFO 17568 --- [tomcat-shutdown] o.s.b.w.e.tomcat.GracefulShutdown        : Graceful shutdown complete
2026-01-14 09:38:50.987  INFO 17568 --- [SpringApplicationShutdownHook] com.zaxxer.hikari.HikariDataSource       : MyHikariCP - Shutdown initiated...
2026-01-14 09:38:50.992  INFO 17568 --- [SpringApplicationShutdownHook] com.zaxxer.hikari.HikariDataSource       : MyHikariCP - Shutdown completed.
2026-01-14 09:47:48.543  INFO 13664 --- [restartedMain] com.my.todo.TodoApplication              : Starting TodoApplication using Java 21.0.8 with PID 13664 (E:\employment preparation\tje_KDT_lecture\todolist-workspace\todo\build\classes\java\main started by emma1 in E:\employment preparation\tje_KDT_lecture\todolist-workspace\todo)
2026-01-14 09:47:48.628  INFO 13664 --- [restartedMain] com.my.todo.TodoApplication              : No active profile set, falling back to 1 default profile: "default"
2026-01-14 09:47:48.788  INFO 13664 --- [restartedMain] .e.DevToolsPropertyDefaultsPostProcessor : Devtools property defaults active! Set 'spring.devtools.add-properties' to 'false' to disable
2026-01-14 09:47:48.788  INFO 13664 --- [restartedMain] .e.DevToolsPropertyDefaultsPostProcessor : For additional web related logging consider setting the 'logging.level.web' property to 'DEBUG'
2026-01-14 09:47:52.067  INFO 13664 --- [restartedMain] o.s.b.w.embedded.tomcat.TomcatWebServer  : Tomcat initialized with port 8080 (http)
2026-01-14 09:47:52.105  INFO 13664 --- [restartedMain] o.apache.catalina.core.StandardService   : Starting service [Tomcat]
2026-01-14 09:47:52.106  INFO 13664 --- [restartedMain] o.apache.catalina.core.StandardEngine    : Starting Servlet engine: [Apache Tomcat/10.1.50]
2026-01-14 09:47:52.260  INFO 13664 --- [restartedMain] o.a.c.c.C.[Tomcat].[localhost].[/]       : Initializing Spring embedded WebApplicationContext
2026-01-14 09:47:52.261  INFO 13664 --- [restartedMain] w.s.c.ServletWebServerApplicationContext : Root WebApplicationContext: initialization completed in 3471 ms
2026-01-14 09:47:54.066  INFO 13664 --- [restartedMain] o.s.b.d.a.OptionalLiveReloadServer       : LiveReload server is running on port 35729
2026-01-14 09:47:54.139  INFO 13664 --- [restartedMain] o.s.b.w.embedded.tomcat.TomcatWebServer  : Tomcat started on port 8080 (http) with context path '/'
2026-01-14 09:47:54.159  INFO 13664 --- [restartedMain] com.my.todo.TodoApplication              : Started TodoApplication in 8.612 seconds (process running for 10.849)
2026-01-14 10:20:38.094  INFO 13664 --- [http-nio-8080-exec-1] o.a.c.c.C.[Tomcat].[localhost].[/]       : Initializing Spring DispatcherServlet 'dispatcherServlet'
2026-01-14 10:20:38.123  INFO 13664 --- [http-nio-8080-exec-1] o.s.web.servlet.DispatcherServlet        : Initializing Servlet 'dispatcherServlet'
2026-01-14 10:20:38.159  INFO 13664 --- [http-nio-8080-exec-1] o.s.web.servlet.DispatcherServlet        : Completed initialization in 35 ms
2026-01-14 10:20:38.325  INFO 13664 --- [http-nio-8080-exec-1] com.zaxxer.hikari.HikariDataSource       : MyHikariCP - Starting...
2026-01-14 10:20:39.195  INFO 13664 --- [http-nio-8080-exec-1] com.zaxxer.hikari.pool.HikariPool        : MyHikariCP - Added connection org.postgresql.jdbc.PgConnection@48d687f4
2026-01-14 10:20:39.198  INFO 13664 --- [http-nio-8080-exec-1] com.zaxxer.hikari.HikariDataSource       : MyHikariCP - Start completed.
2026-01-14 14:29:29.111  INFO 13664 --- [SpringApplicationShutdownHook] o.s.b.w.e.tomcat.GracefulShutdown        : Commencing graceful shutdown. Waiting for active requests to complete
2026-01-14 14:29:29.132  INFO 13664 --- [tomcat-shutdown] o.s.b.w.e.tomcat.GracefulShutdown        : Graceful shutdown complete
2026-01-14 14:29:29.152  INFO 13664 --- [SpringApplicationShutdownHook] com.zaxxer.hikari.HikariDataSource       : MyHikariCP - Shutdown initiated...
2026-01-14 14:29:29.162  INFO 13664 --- [SpringApplicationShutdownHook] com.zaxxer.hikari.HikariDataSource       : MyHikariCP - Shutdown completed.
