2026-01-16 09:35:11.271  INFO 8696 --- [restartedMain] com.my.todo.TodoApplication              : Starting TodoApplication using Java 21.0.8 with PID 8696 (E:\employment preparation\tje_KDT_lecture\todolist-workspace\todo\build\classes\java\main started by emma1 in E:\employment preparation\tje_KDT_lecture\todolist-workspace\todo)
2026-01-16 09:35:11.273  INFO 8696 --- [restartedMain] com.my.todo.TodoApplication              : No active profile set, falling back to 1 default profile: "default"
2026-01-16 09:35:11.346  INFO 8696 --- [restartedMain] .e.DevToolsPropertyDefaultsPostProcessor : Devtools property defaults active! Set 'spring.devtools.add-properties' to 'false' to disable
2026-01-16 09:35:11.346  INFO 8696 --- [restartedMain] .e.DevToolsPropertyDefaultsPostProcessor : For additional web related logging consider setting the 'logging.level.web' property to 'DEBUG'
2026-01-16 09:35:12.726  INFO 8696 --- [restartedMain] o.s.b.w.embedded.tomcat.TomcatWebServer  : Tomcat initialized with port 8080 (http)
2026-01-16 09:35:12.743  INFO 8696 --- [restartedMain] o.apache.catalina.core.StandardService   : Starting service [Tomcat]
2026-01-16 09:35:12.743  INFO 8696 --- [restartedMain] o.apache.catalina.core.StandardEngine    : Starting Servlet engine: [Apache Tomcat/10.1.50]
2026-01-16 09:35:12.800  INFO 8696 --- [restartedMain] o.a.c.c.C.[Tomcat].[localhost].[/]       : Initializing Spring embedded WebApplicationContext
2026-01-16 09:35:12.801  INFO 8696 --- [restartedMain] w.s.c.ServletWebServerApplicationContext : Root WebApplicationContext: initialization completed in 1453 ms
2026-01-16 09:35:13.483  INFO 8696 --- [restartedMain] o.s.b.d.a.OptionalLiveReloadServer       : LiveReload server is running on port 35729
2026-01-16 09:35:13.519  INFO 8696 --- [restartedMain] o.s.b.w.embedded.tomcat.TomcatWebServer  : Tomcat started on port 8080 (http) with context path '/'
2026-01-16 09:35:13.527  INFO 8696 --- [restartedMain] com.my.todo.TodoApplication              : Started TodoApplication in 3.223 seconds (process running for 4.142)
2026-01-16 09:40:34.826  INFO 8696 --- [http-nio-8080-exec-7] o.a.c.c.C.[Tomcat].[localhost].[/]       : Initializing Spring DispatcherServlet 'dispatcherServlet'
2026-01-16 09:40:34.827  INFO 8696 --- [http-nio-8080-exec-7] o.s.web.servlet.DispatcherServlet        : Initializing Servlet 'dispatcherServlet'
2026-01-16 09:40:34.828  INFO 8696 --- [http-nio-8080-exec-7] o.s.web.servlet.DispatcherServlet        : Completed initialization in 1 ms
2026-01-16 09:40:34.864  INFO 8696 --- [http-nio-8080-exec-7] com.zaxxer.hikari.HikariDataSource       : MyHikariCP - Starting...
2026-01-16 09:40:36.231  INFO 8696 --- [http-nio-8080-exec-7] com.zaxxer.hikari.pool.HikariPool        : MyHikariCP - Added connection org.postgresql.jdbc.PgConnection@29aaaab4
2026-01-16 09:40:36.232  INFO 8696 --- [http-nio-8080-exec-7] com.zaxxer.hikari.HikariDataSource       : MyHikariCP - Start completed.
2026-01-16 12:22:29.004  WARN 8696 --- [MyHikariCP:housekeeper] com.zaxxer.hikari.pool.PoolBase          : MyHikariCP - Failed to validate connection org.postgresql.jdbc.PgConnection@6653c830 (This connection has been closed.). Possibly consider using a shorter maxLifetime value.
2026-01-16 12:22:33.825  WARN 8696 --- [MyHikariCP:housekeeper] com.zaxxer.hikari.pool.PoolBase          : MyHikariCP - Failed to validate connection org.postgresql.jdbc.PgConnection@666e9e03 (This connection has been closed.). Possibly consider using a shorter maxLifetime value.
2026-01-16 12:22:37.727  WARN 8696 --- [MyHikariCP:housekeeper] com.zaxxer.hikari.pool.PoolBase          : MyHikariCP - Failed to validate connection org.postgresql.jdbc.PgConnection@1add1ad5 (This connection has been closed.). Possibly consider using a shorter maxLifetime value.
2026-01-16 12:23:23.379  WARN 8696 --- [MyHikariCP:housekeeper] com.zaxxer.hikari.pool.PoolBase          : MyHikariCP - Failed to validate connection org.postgresql.jdbc.PgConnection@623753f6 (This connection has been closed.). Possibly consider using a shorter maxLifetime value.
2026-01-16 12:23:40.427  WARN 8696 --- [MyHikariCP:housekeeper] com.zaxxer.hikari.pool.PoolBase          : MyHikariCP - Failed to validate connection org.postgresql.jdbc.PgConnection@4a29e6d6 (This connection has been closed.). Possibly consider using a shorter maxLifetime value.
2026-01-16 12:29:30.018  WARN 8696 --- [MyHikariCP:housekeeper] com.zaxxer.hikari.pool.PoolBase          : MyHikariCP - Failed to validate connection org.postgresql.jdbc.PgConnection@60201aeb (This connection has been closed.). Possibly consider using a shorter maxLifetime value.
2026-01-16 12:29:32.119  WARN 8696 --- [MyHikariCP:housekeeper] com.zaxxer.hikari.pool.PoolBase          : MyHikariCP - Failed to validate connection org.postgresql.jdbc.PgConnection@12c21f9e (This connection has been closed.). Possibly consider using a shorter maxLifetime value.
2026-01-16 12:29:46.933  WARN 8696 --- [MyHikariCP:housekeeper] com.zaxxer.hikari.pool.PoolBase          : MyHikariCP - Failed to validate connection org.postgresql.jdbc.PgConnection@289f0cc4 (This connection has been closed.). Possibly consider using a shorter maxLifetime value.
2026-01-16 12:30:29.656  WARN 8696 --- [MyHikariCP:housekeeper] com.zaxxer.hikari.pool.PoolBase          : MyHikariCP - Failed to validate connection org.postgresql.jdbc.PgConnection@1d22a6f6 (This connection has been closed.). Possibly consider using a shorter maxLifetime value.
2026-01-16 12:30:59.822  WARN 8696 --- [MyHikariCP:housekeeper] com.zaxxer.hikari.pool.PoolBase          : MyHikariCP - Failed to validate connection org.postgresql.jdbc.PgConnection@4fb7a228 (This connection has been closed.). Possibly consider using a shorter maxLifetime value.
2026-01-16 13:20:13.296  WARN 8696 --- [MyHikariCP:housekeeper] com.zaxxer.hikari.pool.PoolBase          : MyHikariCP - Failed to validate connection org.postgresql.jdbc.PgConnection@68c2b1e7 (This connection has been closed.). Possibly consider using a shorter maxLifetime value.
2026-01-16 13:21:21.665  WARN 8696 --- [MyHikariCP:housekeeper] com.zaxxer.hikari.pool.PoolBase          : MyHikariCP - Failed to validate connection org.postgresql.jdbc.PgConnection@449650f3 (This connection has been closed.). Possibly consider using a shorter maxLifetime value.
2026-01-16 13:21:32.088  WARN 8696 --- [MyHikariCP:housekeeper] com.zaxxer.hikari.pool.PoolBase          : MyHikariCP - Failed to validate connection org.postgresql.jdbc.PgConnection@55de2ac2 (This connection has been closed.). Possibly consider using a shorter maxLifetime value.
2026-01-16 13:21:44.895  WARN 8696 --- [MyHikariCP:housekeeper] com.zaxxer.hikari.pool.PoolBase          : MyHikariCP - Failed to validate connection org.postgresql.jdbc.PgConnection@3d0f089c (This connection has been closed.). Possibly consider using a shorter maxLifetime value.
2026-01-16 13:21:52.399  WARN 8696 --- [MyHikariCP:housekeeper] com.zaxxer.hikari.pool.PoolBase          : MyHikariCP - Failed to validate connection org.postgresql.jdbc.PgConnection@46cf61cb (This connection has been closed.). Possibly consider using a shorter maxLifetime value.
2026-01-16 14:21:55.099  WARN 8696 --- [MyHikariCP:housekeeper] com.zaxxer.hikari.pool.PoolBase          : MyHikariCP - Failed to validate connection org.postgresql.jdbc.PgConnection@53fc2a23 (This connection has been closed.). Possibly consider using a shorter maxLifetime value.
2026-01-16 14:22:37.243  WARN 8696 --- [MyHikariCP:housekeeper] com.zaxxer.hikari.pool.PoolBase          : MyHikariCP - Failed to validate connection org.postgresql.jdbc.PgConnection@79bde711 (This connection has been closed.). Possibly consider using a shorter maxLifetime value.
2026-01-16 14:22:53.199  WARN 8696 --- [MyHikariCP:housekeeper] com.zaxxer.hikari.pool.PoolBase          : MyHikariCP - Failed to validate connection org.postgresql.jdbc.PgConnection@4511248d (This connection has been closed.). Possibly consider using a shorter maxLifetime value.
2026-01-16 14:22:56.241  WARN 8696 --- [MyHikariCP:housekeeper] com.zaxxer.hikari.pool.PoolBase          : MyHikariCP - Failed to validate connection org.postgresql.jdbc.PgConnection@5220e7b0 (This connection has been closed.). Possibly consider using a shorter maxLifetime value.
2026-01-16 14:23:00.031  WARN 8696 --- [MyHikariCP:housekeeper] com.zaxxer.hikari.pool.PoolBase          : MyHikariCP - Failed to validate connection org.postgresql.jdbc.PgConnection@50071544 (This connection has been closed.). Possibly consider using a shorter maxLifetime value.
2026-01-16 14:30:29.826  INFO 8696 --- [SpringApplicationShutdownHook] o.s.b.w.e.tomcat.GracefulShutdown        : Commencing graceful shutdown. Waiting for active requests to complete
2026-01-16 14:30:29.847  INFO 8696 --- [tomcat-shutdown] o.s.b.w.e.tomcat.GracefulShutdown        : Graceful shutdown complete
2026-01-16 14:30:29.869  INFO 8696 --- [SpringApplicationShutdownHook] com.zaxxer.hikari.HikariDataSource       : MyHikariCP - Shutdown initiated...
2026-01-16 14:30:30.118  INFO 8696 --- [SpringApplicationShutdownHook] com.zaxxer.hikari.HikariDataSource       : MyHikariCP - Shutdown completed.
